A    server/lib
A    server/lib/commons-io-2.0.1.jar
A    server/lib/httpclient-4.0.3.jar
A    server/lib/dom4j-1.6.1.jar
A    server/lib/bcprov-jdk16-145.jar
A    server/lib/commons-codec-1.3.jar
A    server/lib/httpcore-4.0.1.jar
A    server/lib/javapns-jdk16-163.jar
A    server/lib/youkia.zip
A    server/lib/httpmime-4.0.3.jar
A    server/lib/servlet-api-3.0.jar
A    server/lib/commons-logging-1.1.1.jar
A    server/lib/commons-lang-2.5.jar
A    server/lib/groovy-all-1.8.0.jar
A    server/lib/log4j-1.2.11.jar
A    server/lib/bsh-2.0b4.jar
A    server/lib/jaxen-1.1.1.jar
A    server/lib/apache-mime4j-0.6.jar
A    server/lib/mysql-5.1.6.jar
A    server/init.bat
A    server/.settings
A    server/.settings/org.eclipse.core.resources.prefs
A    server/.settings/org.eclipse.jdt.ui.prefs
A    server/deploy_config.xml
A    server/log
A    server/resource_tools.jar
A    server/.project
A    server/src
A    server/src/zmyth
A    server/src/zmyth/log
A    server/src/zmyth/log/Log4jLogger.java
A    server/src/zmyth/log/Log4jFactory.java
A    server/src/zmyth/script
A    server/src/zmyth/script/BeanShellExecutor.java
A    server/src/zmyth/script/ScriptException.java
A    server/src/zmyth/script/ScriptExecutor.java
A    server/src/zmyth/net
A    server/src/zmyth/net/NBConnectProducer.java
A    server/src/zmyth/net/URLConnectProducer.java
A    server/src/zmyth/net/NBTcpConnect.java
A    server/src/zmyth/net/Session.java
A    server/src/zmyth/net/EchoPort.java
A    server/src/zmyth/net/FilePort.java
A    server/src/zmyth/net/ProxyPort.java
A    server/src/zmyth/net/CPort.java
A    server/src/zmyth/net/TcpConnectFactory.java
A    server/src/zmyth/net/AccessTransmitPort.java
A    server/src/zmyth/net/ClientHttpConnect.java
A    server/src/zmyth/net/DataAccessHandler.java
A    server/src/zmyth/net/ProxyAccessTransmitPort.java
A    server/src/zmyth/net/JConnectFactory.java
A    server/src/zmyth/net/TimeNBConnectProducer.java
A    server/src/zmyth/net/NetKit.java
A    server/src/zmyth/net/HttpResponse.java
A    server/src/zmyth/net/TcpConnect.java
A    server/src/zmyth/net/PingPort.java
A    server/src/zmyth/net/TimePort.java
A    server/src/zmyth/net/PortService.java
A    server/src/zmyth/net/AccessPort.java
A    server/src/zmyth/net/Download.java
A    server/src/zmyth/net/AttributePort.java
A    server/src/zmyth/net/ProxyAccessPort.java
A    server/src/zmyth/net/DataAccessExecutor.java
A    server/src/zmyth/server
A    server/src/zmyth/server/NBTcpConnectServer.java
A    server/src/zmyth/server/NBHttpChannel.java
A    server/src/zmyth/server/NBHttpConnect.java
A    server/src/zmyth/server/NBTcpConnectManager.java
A    server/src/zmyth/server/NBHttpChannelServer.java
A    server/src/zmyth/server/DataAccessServlet.java
A    server/src/zmyth/server/HttpConnectServer.java
A    server/src/zmyth/server/ServerHttpConnect.java
A    server/src/zmyth/server/DataAccessChannelHandler.java
A    server/src/zmyth/channel
A    server/src/zmyth/channel/HTTP.java
A    server/src/zmyth/channel/ChannelKit.java
A    server/src/zmyth/channel/GeneralHttpChannelHandler.java
A    server/src/zmyth/channel/EmptyChannelHandler.java
A    server/src/zmyth/channel/ChannelHandler.java
A    server/src/zmyth/channel/HttpChannelHandler.java
A    server/src/zmyth/channel/PathLoadChannelService.java
A    server/src/zmyth/channel/Channel.java
A    server/src/zmyth/channel/HttpChannel.java
A    server/src/zmyth/channel/ChannelService.java
A    server/src/zmyth/channel/Cookie.java
A    server/src/zmyth/channel/FileGetter.java
A    server/src/zmyth/channel/FilterChannelHandler.java
A    server/src/zmyth/space
A    server/src/zmyth/space/NormalWorld.java
A    server/src/zmyth/space/SpaceNode.java
A    server/src/zmyth/space/PathPointAStar.java
A    server/src/zmyth/space/SpaceKit.java
A    server/src/zmyth/space/NormalPathTool.java
A    server/src/zmyth/space/PathPoint.java
A    server/src/zmyth/space/SimplePathFind.java
A    server/src/zmyth/space/BigWorld.java
A    server/src/zmyth/space/BigWorldSelector.java
A    server/src/zmyth/space/AStar.java
A    server/src/zmyth/space/MoveTraceSprite.java
A    server/src/zmyth/space/MoveEquation.java
A    server/src/zmyth/space/DoubleArrayQueue.java
A    server/src/zmyth/space/PathPointPathTool.java
A    server/src/zmyth/space/APointComparator.java
A    server/src/zmyth/space/LineMoveEquation.java
A    server/src/zmyth/space/MoveTrace.java
A    server/src/zmyth/space/BrokenLineMoveEquation.java
A    server/src/zmyth/space/World.java
A    server/src/zmyth/space/Surface.java
A    server/src/zmyth/space/APointNearComparator.java
A    server/src/zmyth/space/Point.java
A    server/src/zmyth/space/PathMoveEquation.java
A    server/src/zmyth/space/PathTool.java
A    server/src/zmyth/space/APoint.java
A    server/src/zmyth/space/PointHashMap.java
A    server/src/zmyth/space/LineMovePathFind.java
A    server/src/zmyth/space/PathFind.java
A    server/src/zmyth/space/MoveSprite.java
A    server/src/zmyth/orm
A    server/src/zmyth/orm/CMInit.java
A    server/src/zmyth/orm/SqlFieldsListSelector.java
A    server/src/zmyth/orm/Persistence.java
A    server/src/zmyth/orm/SqlPersistence.java
A    server/src/zmyth/orm/SqlKit.java
A    server/src/zmyth/orm/ConnectionManager.java
A    server/src/zmyth/orm/PersistenceFactory.java
A    server/src/zmyth/orm/SqlSelector.java
A    server/src/zmyth/orm/ConnectionProxy.java
A    server/src/zmyth/util
A    server/src/zmyth/util/FileMonitorItem.java
A    server/src/zmyth/util/FileMonitor.java
A    server/src/zmyth/util/XLoad.java
A    server/src/zmyth/util/FileNameComparator.java
A    server/src/zmyth/util/SampleFactory.java
A    server/src/zmyth/util/TranslatorInit.java
A    server/src/zmyth/util/Sample.java
A    server/src/zmyth/xlib
A    server/src/zmyth/xlib/JFileFactory.java
A    server/src/zmyth/xlib/DirectFileFactory.java
A    server/src/zmyth/xlib/XClassLoader.java
A    server/src/zmyth/xlib/FFile.java
A    server/src/zmyth/xlib/XClassLoadFactory.java
A    server/src/zmyth/xlib/Native.java
A    server/src/zmyth/xlib/FileFactory.java
A    server/src/zmyth/xlib/JFile.java
A    server/src/zmyth/xlib/ClassLoadFactory.java
A    server/src/zmyth/xlib/NFile.java
A    server/src/zmyth/xlib/Start.java
A    server/src/zmyth/xlib/NativeFileFactory.java
A    server/src/zmyth/xlib/File.java
A    server/src/zmyth/back
A    server/src/zmyth/back/SessionSortPort.java
A    server/src/zmyth/back/SessionMap.java
A    server/src/zmyth/back/TimeNBConnectRegisterProducer.java
A    server/src/zmyth/back/NBConnectRegisterProducer.java
A    server/src/zmyth/back/SessionArray.java
A    server/src/zmyth/back/ConnectRegisterPort.java
A    server/src/zmyth/back/ListSessionPort.java
A    server/src/zmyth/back/Main.java
A    server/src/zmyth/back/SessionContainer.java
A    server/src/zmyth/back/BroadcastPort.java
A    server/src/zmyth/back/BackKit.java
A    server/src/zmyth/back/BroadcastSkipSelfPort.java
A    server/src/zmyth/back/RegisterPort.java
A    server/src/zmyth/back/ConnectOpenAdapter.java
A    server/src/zmyth/back/SessionSet.java
A    server/src/zmyth/timer
A    server/src/zmyth/timer/TimerListener.java
A    server/src/zmyth/timer/TimerRunAdapter.java
A    server/src/zmyth/timer/TimerThread.java
A    server/src/zmyth/timer/Date.java
A    server/src/zmyth/timer/Timer.java
A    server/src/zmyth/timer/TimerCenter.java
A    server/src/zmyth/timer/TimerEventArray.java
A    server/src/zmyth/timer/TimerEvent.java
A    server/src/zmyth/xml
A    server/src/zmyth/xml/ObjsParser.java
A    server/src/zmyth/xml/DoublesParser.java
A    server/src/zmyth/xml/CharsParser.java
A    server/src/zmyth/xml/ScriptParser.java
A    server/src/zmyth/xml/StringParser.java
A    server/src/zmyth/xml/ForeachParser.java
A    server/src/zmyth/xml/NullParser.java
A    server/src/zmyth/xml/ValueParser.java
A    server/src/zmyth/xml/RefParser.java
A    server/src/zmyth/xml/IntsParser.java
A    server/src/zmyth/xml/FileParser.java
A    server/src/zmyth/xml/Parser.java
A    server/src/zmyth/xml/ClassNameXmlContext.java
A    server/src/zmyth/xml/MethodParser.java
A    server/src/zmyth/xml/ContextTranslator.java
A    server/src/zmyth/xml/LongsParser.java
A    server/src/zmyth/xml/ConstructorParser.java
A    server/src/zmyth/xml/BytesParser.java
A    server/src/zmyth/xml/XmlContext.java
A    server/src/zmyth/xml/ElementParser.java
A    server/src/zmyth/xml/ObjectsParser.java
A    server/src/zmyth/xml/StringsParser.java
A    server/src/zmyth/xml/BooleansParser.java
A    server/src/zmyth/xml/XmlRun.java
A    server/src/zmyth/xml/ObjParser.java
A    server/src/zmyth/xml/BindParser.java
A    server/src/zmyth/xml/ActionParser.java
A    server/src/zmyth/xml/ShortsParser.java
A    server/src/zmyth/xml/FieldParser.java
A    server/src/zmyth/xml/ChangeParser.java
A    server/src/zmyth/xml/FloatsParser.java
A    server/src/zmyth/xml/NormalParser.java
A    server/src/zmyth/xml/DefineParser.java
A    server/src/xlib
A    server/src/xlib/shutdown
A    server/src/xlib/shutdown/ShutdownHandler.java
A    server/src/xlib/shutdown/ShutdownHook.java
A    server/src/xlib/deploy
A    server/src/xlib/deploy/Deploy.java
A    server/src/xlib/resourceConfig
A    server/src/xlib/resourceConfig/Matcher.java
A    server/src/xlib/resourceConfig/ResourceConfig.java
A    server/src/xlib/util
A    server/src/xlib/util/DataKit.java
A    server/src/xlib/util/DateKit.java
A    server/src/xlib/util/db
A    server/src/xlib/util/db/UidDBAccess.java
A    server/src/xlib/util/UidKit.java
A    server/src/xlib/server
A    server/src/xlib/server/Server.java
A    server/src/xlib/server/ServerStatus.java
A    server/src/zlib
A    server/src/zlib/field
A    server/src/zlib/field/FloatField.java
A    server/src/zlib/field/FieldObject.java
A    server/src/zlib/field/StringField.java
A    server/src/zlib/field/FieldKit.java
A    server/src/zlib/field/DoubleField.java
A    server/src/zlib/field/IntField.java
A    server/src/zlib/field/FieldValue.java
A    server/src/zlib/field/CharField.java
A    server/src/zlib/field/BooleanField.java
A    server/src/zlib/field/LongField.java
A    server/src/zlib/field/ShortField.java
A    server/src/zlib/field/ByteArrayField.java
A    server/src/zlib/field/Fields.java
A    server/src/zlib/field/ByteField.java
A    server/src/zlib/context
A    server/src/zlib/context/ObjectFactory.java
A    server/src/zlib/context/Context.java
A    server/src/zlib/text
A    server/src/zlib/text/TextKit.java
A    server/src/zlib/text/BaseTranslator.java
A    server/src/zlib/text/CharBuffer.java
A    server/src/zlib/text/Translator.java
A    server/src/zlib/text/CharBufferThreadLocal.java
A    server/src/zlib/text/TextFilter.java
A    server/src/zlib/text/TextValidity.java
A    server/src/zlib/net
A    server/src/zlib/net/URL.java
A    server/src/zlib/net/ConnectArray.java
A    server/src/zlib/net/Connect.java
A    server/src/zlib/net/ConnectService.java
A    server/src/zlib/net/DataAccessException.java
A    server/src/zlib/net/DataAccess.java
A    server/src/zlib/net/DataTransmit.java
A    server/src/zlib/net/ConnectProducer.java
A    server/src/zlib/net/AccessHandler.java
A    server/src/zlib/net/TransmitHandler.java
A    server/src/zlib/net/ConnectFactory.java
A    server/src/zlib/io
A    server/src/zlib/io/FileKit.java
A    server/src/zlib/io/BytesDBWriter.java
A    server/src/zlib/io/BytesReader.java
A    server/src/zlib/io/PipeInputStream.java
A    server/src/zlib/io/ByteKit.java
A    server/src/zlib/io/ByteBuffer_.java
A    server/src/zlib/io/ByteBuffer.java
A    server/src/zlib/io/BytesDBReader.java
A    server/src/zlib/io/IOKit.java
A    server/src/zlib/io/ByteBufferThreadLocal.java
A    server/src/zlib/io/BytesWritable.java
A    server/src/zlib/io/BytesWriter.java
A    server/src/zlib/io/BufferInputStream.java
A    server/src/zlib/io/BufferOutputStream.java
A    server/src/zlib/io/BytesDBWritable.java
A    server/src/zlib/thread
A    server/src/zlib/thread/TaskQueueExecutor.java
A    server/src/zlib/thread/ThreadAccessHandler.java
A    server/src/zlib/thread/ThreadAccess.java
A    server/src/zlib/thread/TaskPoolExecutor.java
A    server/src/zlib/thread/ThreadAccessEntry.java
A    server/src/zlib/thread/Executor.java
A    server/src/zlib/thread/ThreadKit.java
A    server/src/zlib/thread/RunArray.java
A    server/src/zlib/thread/RunExecutor.java
A    server/src/zlib/core
A    server/src/zlib/core/CoreKit.java
A    server/src/zlib/core/Native.java
A    server/src/zlib/core/NativeAccessException.java
A    server/src/zlib/core/NativeObject.java
A    server/src/zlib/math
A    server/src/zlib/math/MatrixKit.java
A    server/src/zlib/math/TrigKit.java
A    server/src/zlib/math/Random.java
A    server/src/zlib/math/MathKit.java
A    server/src/zlib/math/Random1.java
A    server/src/zlib/math/RandomThreadLocal.java
A    server/src/zlib/math/Polygon.java
A    server/src/zlib/math/Orientation.java
A    server/src/zlib/set
A    server/src/zlib/set/ArrayThreadLocal.java
A    server/src/zlib/set/Container.java
A    server/src/zlib/set/SortArrayList.java
A    server/src/zlib/set/ArrayQueue.java
A    server/src/zlib/set/IntList.java
A    server/src/zlib/set/NodeQueue.java
A    server/src/zlib/set/LongList.java
A    server/src/zlib/set/Indexable.java
A    server/src/zlib/set/AttributeList.java
A    server/src/zlib/set/IndexComparator.java
A    server/src/zlib/set/StandComparator.java
A    server/src/zlib/set/FloatList.java
A    server/src/zlib/set/HashTreeMap.java
A    server/src/zlib/set/ArrayDeque.java
A    server/src/zlib/set/SetKit.java
A    server/src/zlib/set/Selectable.java
A    server/src/zlib/set/ArrayStack.java
A    server/src/zlib/set/ObjectArray.java
A    server/src/zlib/set/IntKeyHashMap.java
A    server/src/zlib/set/HashcodeComparator.java
A    server/src/zlib/set/Comparator.java
A    server/src/zlib/set/NodeDeque.java
A    server/src/zlib/set/ArrayList.java
A    server/src/zlib/set/StateList.java
A    server/src/zlib/set/Heap.java
A    server/src/zlib/set/ArrayListThreadLocal.java
A    server/src/zlib/set/MapThreadLocal.java
A    server/src/zlib/set/Selector.java
A    server/src/zlib/codec
A    server/src/zlib/codec/Sharp.java
A    server/src/zlib/codec/Base64.java
A    server/src/zlib/codec/CodecKit.java
A    server/src/zlib/codec/MD5.java
A    server/src/zlib/util
A    server/src/zlib/util/TimeKit.java
A    server/src/zlib/xml
A    server/src/zlib/xml/XmlReaderException.java
A    server/src/zlib/xml/XmlReader.java
A    server/src/zlib/xml/Node.java
A    server/src/zlib/xml/ZXmlWriter.java
A    server/src/zlib/xml/Element.java
A    server/src/zlib/xml/XmlWriter.java
A    server/src/zlib/xml/ZXmlReader.java
A    server/src/zlib/xml/Document.java
A    server/src/zlib/event
A    server/src/zlib/event/ActionEvent.java
A    server/src/zlib/event/ActionListenerList.java
A    server/src/zlib/event/DChangeListener.java
A    server/src/zlib/event/ActionListener.java
A    server/src/zlib/event/ChangeAdapter.java
A    server/src/zlib/event/ChangeListenerList.java
A    server/src/zlib/event/DChangeAdapter.java
A    server/src/zlib/event/ChangeListener.java
A    server/src/zlib/event/DChangeListenerList.java
A    server/src/zlib/log
A    server/src/zlib/log/LogFactory.java
A    server/src/zlib/log/StandardLogFactory.java
A    server/src/zlib/log/Logger.java
A    server/src/zlib/log/StandardLogger.java
A    server/src/gmc
A    server/src/gmc/GMCProxy.java
A    server/src/gmc/channel
A    server/src/gmc/channel/SoldierChannel.java
A    server/src/gmc/channel/ClearRankChannel.java
A    server/src/gmc/channel/GetSelectCityChannel.java
A    server/src/gmc/channel/ServerStatusChannel.java
A    server/src/gmc/channel/SetGmChannel.java
A    server/src/gmc/channel/KingScienceChannel.java
A    server/src/gmc/channel/MakeGiftChannel.java
A    server/src/gmc/channel/MilitaryChannel.java
A    server/src/gmc/channel/UpdateResourceChannel.java
A    server/src/gmc/channel/ActivityChannel.java
A    server/src/gmc/channel/CountryScienceChannel.java
A    server/src/gmc/channel/StrengthChannel.java
A    server/src/gmc/channel/SeleteImmureChannel.java
A    server/src/gmc/channel/BaseGmcChannel.java
A    server/src/gmc/channel/AddGiftChannel.java
A    server/src/gmc/channel/TaskChannel.java
A    server/src/gmc/channel/AddActivityChannel.java
A    server/src/gmc/channel/StopRoleChannel.java
A    server/src/gmc/channel/GemChannel.java
A    server/src/gmc/channel/OperatorActivityChannel.java
A    server/src/gmc/channel/SelectBundleChannel.java
A    server/src/gmc/channel/DeleteGiftChannel.java
A    server/src/gmc/channel/GetRoleInfoChannel.java
A    server/src/gmc/channel/PropChannel.java
A    server/src/gmc/channel/KickChannel.java
A    server/src/gmc/channel/MailChannel.java
A    server/src/gmc/channel/GroovyChannel.java
A    server/src/gmc/channel/AfficheChannel.java
A    server/src/gmc/channel/SelectGiftChannel.java
A    server/src/gmc/channel/GetUserInfoChannel.java
A    server/src/gmc/channel/AddCardKeyChannel.java
A    server/src/gmc/channel/RoleMuteChannel.java
A    server/src/gmc/channel/ServerConfigChannel.java
A    server/src/gmc/channel/GMBaseChannel.java
A    server/src/gmc/element
A    server/src/gmc/element/StrengthElement.java
A    server/src/gmc/element/LuckElement.java
A    server/src/gmc/element/SoldierElement.java
A    server/src/gmc/element/GMUserElement.java
A    server/src/gmc/element/TaskElement.java
A    server/src/gmc/element/GMCElement.java
A    server/src/gmc/element/GemElement.java
A    server/src/gmc/element/OperatorActivityElement.java
A    server/src/gmc/element/SelectCityElement.java
A    server/src/gmc/element/CardElement.java
A    server/src/gmc/element/ServerStatusElement.java
A    server/src/gmc/element/UserElement.java
A    server/src/gmc/element/PropElement.java
A    server/src/gmc/element/MailElement.java
A    server/src/gmc/element/ResourceElement.java
A    server/src/gmc/element/GiftElement.java
A    server/src/gmc/element/MilitaryElement.java
A    server/src/gmc/element/EffectElement.java
A    server/src/gmc/element/PlayerElement.java
A    server/src/gmc/DefaultExceptionMonitor.java
A    server/src/gmc/XTable.java
A    server/src/gmc/GMCManager.java
A    server/src/gmc/proxy
A    server/src/gmc/groovy
A    server/src/gmc/groovy/GroovyEngine.java
A    server/src/gmc/ExceptionMonitor.java
A    server/src/game
A    server/src/game/official
A    server/src/game/official/OfficialManager.java
A    server/src/game/official/Official.java
A    server/src/game/official/Banneret.java
A    server/src/game/chat
A    server/src/game/chat/Message.java
A    server/src/game/prop
A    server/src/game/prop/PropList.java
A    server/src/game/prop/ExpProp.java
A    server/src/game/prop/LuckProp.java
A    server/src/game/prop/Prop.java
A    server/src/game/prop/PropOperation.java
A    server/src/game/prop/FightScoreGiftPackage.java
A    server/src/game/prop/SoulProp.java
A    server/src/game/prop/LocalGift.java
A    server/src/game/prop/GiftPackage.java
A    server/src/game/prop/MarchOrder.java
A    server/src/game/prop/ProvokeTeamCard.java
A    server/src/game/prop/PropComparator.java
A    server/src/game/prop/BundlePropOperation.java
A    server/src/game/prop/SoldierCard.java
A    server/src/game/mail
A    server/src/game/mail/Mail.java
A    server/src/game/mail/MailOfFight.java
A    server/src/game/mail/MailComparator.java
A    server/src/game/mail/MailDBAccess.java
A    server/src/game/mail/MailManager.java
A    server/src/game/gamble
A    server/src/game/gamble/GambleManager.java
A    server/src/game/famousGeneral
A    server/src/game/famousGeneral/FamousGeneral.java
A    server/src/game/famousGeneral/FamousGeneralManager.java
A    server/src/game/friends
A    server/src/game/friends/FriendsCacheManager.java
A    server/src/game/friends/Friends.java
A    server/src/game/friends/FriendsDBAccess.java
A    server/src/game/friends/FriendsManager.java
A    server/src/game/dayFightScore
A    server/src/game/dayFightScore/DayFightScoreManager.java
A    server/src/game/onlinegift
A    server/src/game/onlinegift/OnlineGiftManager.java
A    server/src/game/role
A    server/src/game/role/LuckList.java
A    server/src/game/role/Military.java
A    server/src/game/role/Player.java
A    server/src/game/role/Role.java
A    server/src/game/role/PlayerDBAccess.java
A    server/src/game/role/MilitaryComparetor.java
A    server/src/game/role/DBAccess.java
A    server/src/game/card
A    server/src/game/card/CardManager.java
A    server/src/game/card/Card.java
A    server/src/game/card/KeyDBAccess.java
A    server/src/game/card/CardDBAccess.java
A    server/src/game/shop
A    server/src/game/shop/PersonalShopDbAccess.java
A    server/src/game/shop/PersonalShopManager.java
A    server/src/game/shop/Shop.java
A    server/src/game/shop/ShopProp.java
A    server/src/game/shop/PersonalShopCacheManager.java
A    server/src/game/shop/PersonalShop.java
A    server/src/game/name
A    server/src/game/name/NameDBAccess.java
A    server/src/game/name/NameManager.java
A    server/src/game/name/Name.java
A    server/src/game/log
A    server/src/game/log/LogManager.java
A    server/src/game/log/SwitchLog.java
A    server/src/game/language
A    server/src/game/language/Language.java
A    server/src/game/session
A    server/src/game/session/PlayerDBRW.java
A    server/src/game/session/SessionManager.java
A    server/src/game/session/User.java
A    server/src/game/session/PlayerLoginHandle.java
A    server/src/game/session/PlayerLogoutHandle.java
A    server/src/game/session/PlayerW.java
A    server/src/game/session/certify
A    server/src/game/session/certify/CertifyAccess.java
A    server/src/game/session/certify/CertifyManager.java
A    server/src/game/session/certify/db
A    server/src/game/session/certify/db/CertifyDBAccess.java
A    server/src/game/session/certify/db/NormalCertifyDBAccess.java
A    server/src/game/port
A    server/src/game/port/DailyTaskAccessPort.java
A    server/src/game/port/EmperorActivityAccessPort.java
A    server/src/game/port/ShopPort.java
A    server/src/game/port/BundlePort.java
A    server/src/game/port/ExitPort.java
A    server/src/game/port/GambleAccessProt.java
A    server/src/game/port/CountryTaskAsscessPort.java
A    server/src/game/port/TotalLoginActivityAccessPort.java
A    server/src/game/port/OfficialPort.java
A    server/src/game/port/ContributeActivityAccessPort.java
A    server/src/game/port/GuideAccessPort.java
A    server/src/game/port/CountryInfoPort.java
A    server/src/game/port/BuildAccessPort.java
A    server/src/game/port/SoldierAccessPort.java
A    server/src/game/port/CimeliaAccessPort.java
A    server/src/game/port/MallPort.java
A    server/src/game/port/WillGetAwardPort.java
A    server/src/game/port/FriendsPort.java
A    server/src/game/port/LoginAccessPort.java
A    server/src/game/port/WorldFightAccessPort.java
A    server/src/game/port/ScienceCountryPort.java
A    server/src/game/port/EquipmentPolishedPort.java
A    server/src/game/port/NoticeAccessPort.java
A    server/src/game/port/EquipmentPort.java
A    server/src/game/port/MilitaryPassiveAccessPort.java
A    server/src/game/port/AllHeroFightActivityAccessPort.java
A    server/src/game/port/SciencePort.java
A    server/src/game/port/MilitaryAccessPort.java
A    server/src/game/port/ActivityDateAccessPort.java
A    server/src/game/port/DayFightScoreAccessPort.java
A    server/src/game/port/OnlineGiftAccessPort.java
A    server/src/game/port/VipAccessPort.java
A    server/src/game/port/VisitAccessPort.java
A    server/src/game/port/TaskAccessPort.java
A    server/src/game/port/FightLogAccessPort.java
A    server/src/game/port/RankListPort.java
A    server/src/game/port/GiftPackageAccessPort.java
A    server/src/game/port/OperatorActivityAccessPort.java
A    server/src/game/port/CardAccessPort.java
A    server/src/game/port/CountryCityActivityAccessPort.java
A    server/src/game/port/DuplicateAccessPort.java
A    server/src/game/port/SendMessagePort.java
A    server/src/game/port/OpenActivityAccessPort.java
A    server/src/game/port/LoadAccessPort.java
A    server/src/game/port/MailAccessPort.java
A    server/src/game/mall
A    server/src/game/mall/PrestigeMallProp.java
A    server/src/game/mall/NobilityActivityMallProp.java
A    server/src/game/mall/OpenServerMallProp.java
A    server/src/game/mall/MallManager.java
A    server/src/game/mall/ScoreMallProp.java
A    server/src/game/mall/VipActivityMallProp.java
A    server/src/game/mall/ActivityMallProp.java
A    server/src/game/mall/Mall.java
A    server/src/game/mall/VipMallPorp.java
A    server/src/game/mall/MallProp.java
A    server/src/game/version
A    server/src/game/version/VersionKit.java
A    server/src/game/team
A    server/src/game/team/FightTeamBox.java
A    server/src/game/team/Soldier.java
A    server/src/game/team/FightTeamTemplate.java
A    server/src/game/team/TeamCell.java
A    server/src/game/team/FightTeam.java
A    server/src/game/team/SoldierComparator.java
A    server/src/game/team/SoldierBox.java
A    server/src/game/team/SoldierManager.java
A    server/src/game/team/FightTeamFactory.java
A    server/src/game/ranklist
A    server/src/game/ranklist/RankListDBAccess.java
A    server/src/game/ranklist/OfflinePlayerDataDBAccess.java
A    server/src/game/ranklist/RankAct.java
A    server/src/game/ranklist/RankComparator.java
A    server/src/game/ranklist/OfflinePlayerDataManager.java
A    server/src/game/ranklist/RankEmperor.java
A    server/src/game/ranklist/RankManager.java
A    server/src/game/ranklist/RankAtts.java
A    server/src/game/ranklist/RankList.java
A    server/src/game/ranklist/OfflinePlayerData.java
A    server/src/game/ranklist/RankContribute.java
A    server/src/game/ranklist/Rank.java
A    server/src/game/ranklist/RankDayKill.java
A    server/src/game/ranklist/RankDayFightScore.java
A    server/src/game/ranklist/RankMiliLv.java
A    server/src/game/ranklist/RankFightScore.java
A    server/src/game/ranklist/RankCacheManager.java
A    server/src/game/kit
A    server/src/game/kit/GoldConsumeKit.java
A    server/src/game/kit/HttpKit.java
A    server/src/game/kit/NoticeKit.java
A    server/src/game/kit/MessageKit.java
A    server/src/game/kit/GingerConsumeKit.java
A    server/src/game/kit/ResourceKit.java
A    server/src/game/kit/RefreshDataKit.java
A    server/src/game/kit/SessionAttributeKey.java
A    server/src/game/kit/JSONKit.java
A    server/src/game/changetype
A    server/src/game/changetype/PlayerChangeType.java
A    server/src/game/changetype/BuildChangeType.java
A    server/src/game/charge
A    server/src/game/charge/ChargeManager.java
A    server/src/game/charge/db
A    server/src/game/charge/db/ChargeDBAccess.java
A    server/src/game/charge/db/GetPlayerPidDBAccess.java
A    server/src/game/gift
A    server/src/game/gift/GiftAward.java
A    server/src/game/gift/Gift.java
A    server/src/game/gift/GiftDBAccess.java
A    server/src/game/gift/GiftAwardManager.java
A    server/src/game/gift/GiftManager.java
A    server/src/game/bi
A    server/src/game/bi/BiMsgDBAccess.java
A    server/src/game/bi/SelectPlayerNumsChanel.java
A    server/src/game/bi/DsBiManager.java
A    server/src/game/bi/ServerBiInfo.java
A    server/src/game/activity
A    server/src/game/activity/ContinueDayActivity.java
A    server/src/game/activity/ActivityEveryWeekDate.java
A    server/src/game/activity/ActivityEveryDayDate.java
A    server/src/game/activity/TotalLoginActivityManager.java
A    server/src/game/activity/ActivityDateManager.java
A    server/src/game/activity/AllHeroFightActivity.java
A    server/src/game/activity/EmperorActivity.java
A    server/src/game/activity/CountryCityActivity.java
A    server/src/game/activity/OpenServertActivity.java
A    server/src/game/activity/ActivityDate.java
A    server/src/game/activity/ActivitySpecialTimeDate.java
A    server/src/game/activity/ContributeActivity.java
A    server/src/game/activity/operator
A    server/src/game/activity/operator/DuplicateOperatorActivity.java
A    server/src/game/activity/operator/MilitaryNumOperatorActivity.java
A    server/src/game/activity/operator/OperatorActivityManager.java
A    server/src/game/activity/operator/SingleChargeOperatorActivity.java
A    server/src/game/activity/operator/MilitaryAttributeOperatorActivity.java
A    server/src/game/activity/operator/OperatorActivity.java
A    server/src/game/activity/operator/PropOperatorActivity.java
A    server/src/game/activity/operator/FirstChargeOperatorActivity.java
A    server/src/game/activity/operator/ActivityAward.java
A    server/src/game/activity/operator/OperatorActivityDBAccess.java
A    server/src/game/activity/operator/LoginOperatorActivity.java
A    server/src/game/activity/operator/ChargeOperatorActivity.java
A    server/src/game/guide
A    server/src/game/guide/FightGuideManager.java
A    server/src/game/visit
A    server/src/game/visit/VisitManager.java
A    server/src/game/visit/Visit.java
A    server/src/game/vip
A    server/src/game/vip/VipManager.java
A    server/src/game/award
A    server/src/game/award/WillGetAwardManager.java
A    server/src/game/award/WillGetAward.java
A    server/src/game/award/Award.java
A    server/src/game/award/WillGetAwardDBAccess.java
A    server/src/game/fight
A    server/src/game/fight/FightParameter.java
A    server/src/game/fight/MilitarySubSkill.java
A    server/src/game/fight/PositionSkill.java
A    server/src/game/fight/AssistSkill.java
A    server/src/game/fight/FightQueue.java
A    server/src/game/fight/ContinuationSkill.java
A    server/src/game/fight/ContinuationRandomSkill.java
A    server/src/game/fight/AssaultSkill.java
A    server/src/game/fight/ActionSkill.java
A    server/src/game/fight/effect
A    server/src/game/fight/effect/DodgeEffect.java
A    server/src/game/fight/effect/HurtEffect.java
A    server/src/game/fight/effect/MultipleAttackEffect.java
A    server/src/game/fight/effect/MilitaryChangeAttributeEffect.java
A    server/src/game/fight/effect/MilitaryHurtEffect.java
A    server/src/game/fight/effect/MilitaryReliveEffect.java
A    server/src/game/fight/effect/MilitarySkillRoundEffect.java
A    server/src/game/fight/effect/TriggerEffect.java
A    server/src/game/fight/effect/AddEffectEffect.java
A    server/src/game/fight/effect/TriggerNumsEffect.java
A    server/src/game/fight/effect/AttackEffect.java
A    server/src/game/fight/effect/UseEffectEffect.java
A    server/src/game/fight/effect/ChangeAttributeEffect.java
A    server/src/game/fight/effect/UpdateAttackEffect.java
A    server/src/game/fight/effect/AbsorbHurtEffect.java
A    server/src/game/fight/effect/Effect.java
A    server/src/game/fight/effect/ControlEffect.java
A    server/src/game/fight/effect/DisperseHurtEffect.java
A    server/src/game/fight/FighterActionComparator.java
A    server/src/game/fight/Skill.java
A    server/src/game/fight/Spread.java
A    server/src/game/fight/FightScene.java
A    server/src/game/fight/Fighter.java
A    server/src/game/fight/MilitarySkill.java
A    server/src/game/fight/FightLogDBAccess.java
A    server/src/game/fight/FighterContainer.java
A    server/src/game/fight/action
A    server/src/game/fight/action/AttAction.java
A    server/src/game/fight/action/BattAction.java
A    server/src/game/fight/action/Action.java
A    server/src/game/fight/FightLogManager.java
A    server/src/game/task
A    server/src/game/task/Task.java
A    server/src/game/task/PlayerInfoGetter.java
A    server/src/game/task/TaskCentre.java
A    server/src/game/task/TaskEvent.java
A    server/src/game/task/TaskContainer.java
A    server/src/game/task/condition
A    server/src/game/task/condition/ResouceRateCondition.java
A    server/src/game/task/condition/GetTaskCondition.java
A    server/src/game/task/condition/TaskCondition.java
A    server/src/game/task/condition/CountingCondition.java
A    server/src/game/task/condition/MallGetPropCondition.java
A    server/src/game/task/condition/KingScienceUpCondition.java
A    server/src/game/task/condition/DuplicateCondition.java
A    server/src/game/task/condition/MilitaryCondition.java
A    server/src/game/task/condition/MilitaryGetCondition.java
A    server/src/game/task/condition/SpaceCondition.java
A    server/src/game/task/condition/MilitaryEquipCondition.java
A    server/src/game/task/condition/StrengthCondition.java
A    server/src/game/task/condition/BuildCondition.java
A    server/src/game/task/condition/RecruitSoldCondition.java
A    server/src/game/task/condition/PropGetCondition.java
A    server/src/game/task/TaskEventThreadLocal.java
A    server/src/game/task/DailyTaskContainer.java
A    server/src/game/task/RoleInfoGetter.java
A    server/src/game/task/NewPlayerTask.java
A    server/src/game/task/TaskManager.java
A    server/src/game/country
A    server/src/game/country/NpcTeamComparator.java
A    server/src/game/country/WildTeamBox.java
A    server/src/game/country/task
A    server/src/game/country/task/CountryTask.java
A    server/src/game/country/task/AttackCityCountryTask.java
A    server/src/game/country/task/CountryTaskContainer.java
A    server/src/game/country/task/DefenseCityCountryTask.java
A    server/src/game/country/task/CountryTaskDBAccess.java
A    server/src/game/country/task/CountryTaskManager.java
A    server/src/game/country/task/AllCountryTaskContainer.java
A    server/src/game/country/task/KillCountryTask.java
A    server/src/game/country/EffectBuffer.java
A    server/src/game/country/city
A    server/src/game/country/city/MainCity.java
A    server/src/game/country/city/Build.java
A    server/src/game/country/city/PartCity.java
A    server/src/game/country/city/db
A    server/src/game/country/city/db/CityDBAccess.java
A    server/src/game/country/city/CityCacheManager.java
A    server/src/game/country/city/BuildArea.java
A    server/src/game/country/city/City.java
A    server/src/game/country/city/SelectCity.java
A    server/src/game/country/city/CityResourceBuffer.java
A    server/src/game/country/FightResultData.java
A    server/src/game/country/CountryDBAccess.java
A    server/src/game/country/ProvokeTeam.java
A    server/src/game/country/CityFightLog.java
A    server/src/game/country/WildTeamDBAccess.java
A    server/src/game/country/UnionApply.java
A    server/src/game/country/IResource.java
A    server/src/game/country/Country.java
A    server/src/game/country/TimeEffectBuffer.java
A    server/src/game/country/WorldMapCityDBAccess.java
A    server/src/game/country/WildTeam.java
A    server/src/game/country/WorldMapCity.java
A    server/src/game/country/WorldRoadWay.java
A    server/src/game/country/WorldMapManager.java
A    server/src/game/country/WorldMapCityFightDBAccess.java
A    server/src/game/country/WorldMapCityFightData.java
A    server/src/game/country/WorldMapCityFightManager.java
A    server/src/game/country/AllHeroFightScoreComparator.java
A    server/src/game/country/NpcTeamCreater.java
A    server/src/game/country/Convene.java
A    server/src/game/country/WorldMapCityFight.java
A    server/src/game/country/WorldMapPath.java
A    server/src/game/country/CountryCityNumComparator.java
A    server/src/game/country/ProvokeTeamBox.java
A    server/src/game/country/CountryUnionManager.java
A    server/src/game/country/CountryUnion.java
A    server/src/game/country/activity
A    server/src/game/country/activity/AllHeroFightRank.java
A    server/src/game/country/activity/AllHeroActivityFight.java
A    server/src/game/country/activity/ContributeActivityManager.java
A    server/src/game/country/activity/EmperorActivityFightScene.java
A    server/src/game/country/activity/IActivityFight.java
A    server/src/game/country/activity/ActivityTimerManager.java
A    server/src/game/country/activity/CountryCityActivityFight.java
A    server/src/game/country/activity/CountryCityFightSceneA.java
A    server/src/game/country/activity/CountryCityFightSceneB.java
A    server/src/game/country/activity/OpenServerActivityManager.java
A    server/src/game/country/activity/AllHeroActivityFightScene.java
A    server/src/game/country/activity/FightLog.java
A    server/src/game/country/activity/OpenServerActivityOfAtt.java
A    server/src/game/country/activity/OpenServerActivityOfNobiLv.java
A    server/src/game/country/activity/OpenServerActivityOfMiliLv.java
A    server/src/game/country/activity/EmperorActivityFight.java
A    server/src/game/country/activity/OpenServerActivityOfVIP.java
A    server/src/game/country/activity/CountryCityActivityFightScene.java
A    server/src/game/country/activity/ContributeFightScene.java
A    server/src/game/cimelia
A    server/src/game/cimelia/CimeliaNode.java
A    server/src/game/cimelia/CimeliaComparator.java
A    server/src/game/cimelia/CimeliaManager.java
A    server/src/game/cimelia/Cimelia.java
A    server/src/game/equipment
A    server/src/game/equipment/EquipmentManager.java
A    server/src/game/equipment/OpenGemHole.java
A    server/src/game/equipment/EquipmentSkill.java
A    server/src/game/equipment/Equipment.java
A    server/src/game/equipment/Gem.java
A    server/src/game/equipment/HorseEquipment.java
A    server/src/game/equipment/StrengthEffect.java
A    server/src/game/equipment/EquipmentSuit.java
A    server/src/game/equipment/Material.java
A    server/src/game/openServerTime
A    server/src/game/openServerTime/OpenServerTimeDBAccess.java
A    server/src/game/openServerTime/OpenServerTimeManager.java
A    server/src/game/httpchannel
A    server/src/game/httpchannel/CertifyChannelHandler.java
A    server/src/game/httpchannel/CreateRoleChannelHandler.java
A    server/src/game/httpchannel/ChargeHttpChannelHandler.java
A    server/src/game/httpchannel/GameChannelHandler.java
A    server/src/game/httpchannel/GetRolePidChannelHandler.java
A    server/src/game/httpchannel/db
A    server/src/game/httpchannel/db/CreateRoleDBAccess.java
A    server/src/game/httpchannel/db/GetRolePidDBAccess.java
A    server/src/game/science
A    server/src/game/science/ScienceCountry.java
A    server/src/game/science/ScienceManager.java
A    server/src/game/science/ScienceCountryManager.java
A    server/src/game/science/Science.java
A    server/src/game/duplicate
A    server/src/game/duplicate/DuplicateManager.java
A    server/src/game/duplicate/Chapters.java
A    server/src/game/duplicate/Duplicate.java
A    server/ant.bat
A    server/deploy_tools.jar
A    server/resource
A    server/resource/gmconfig.xml
A    server/resource/serverport.xml
A    server/resource/bsh.xml
A    server/resource/serverconfig.xml
A    server/resource/start.xml
A    server/resource/serverstatic.xml
A    server/resource/cfg
A    server/resource/cfg/mall.xml
A    server/resource/cfg/fightteam.xml
A    server/resource/cfg/shop.xml
A    server/resource/cfg/worldfight.xml
A    server/resource/cfg/activityDate.xml
A    server/resource/cfg/textvalidity.xml
A    server/resource/cfg/strengtheffect.xml
A    server/resource/openServerstatic.xml
A    server/resource/sample
A    server/resource/sample/chapters.xml
A    server/resource/sample/countrytasks.xml
A    server/resource/sample/mallProps.xml
A    server/resource/sample/equipmentsuit.xml
A    server/resource/sample/official.xml
A    server/resource/sample/militarys.xml
A    server/resource/sample/effects.xml
A    server/resource/sample/activitys.xml
A    server/resource/sample/players.xml
A    server/resource/sample/worldcity.xml
A    server/resource/sample/awards.xml
A    server/resource/sample/builds.xml
A    server/resource/sample/effectbuffer.xml
A    server/resource/sample/famousgeneral.xml
A    server/resource/sample/buildarea.xml
A    server/resource/sample/citys.xml
A    server/resource/sample/shopProps.xml
A    server/resource/sample/duplicates.xml
A    server/resource/sample/visit.xml
A    server/resource/sample/banneret.xml
A    server/resource/sample/material.xml
A    server/resource/sample/spreads.xml
A    server/resource/sample/soldier.xml
A    server/resource/sample/skills.xml
A    server/resource/sample/task.xml
A    server/resource/sample/openGemHole.xml
A    server/resource/sample/props.xml
A    server/resource/sample/roadway.xml
A    server/resource/sample/equipmentskill.xml
A    server/resource/language
A    server/resource/language/cn.txt
A    server/resource/mimetype.txt
A    server/deploy.build.xml
A    server/build.cfg
A    server/build.xml
A    server/initTemplate
A    server/initTemplate/stop.server.sh
A    server/initTemplate/htdocs
A    server/initTemplate/htdocs/crossdomain.xml
A    server/initTemplate/server.log.cfg
A    server/initTemplate/start.server.cmd
A    server/initTemplate/server.xml
A    server/initTemplate/db_update
A    server/initTemplate/db_init
A    server/initTemplate/db_init/db.sql
A    server/initTemplate/start.server.sh
A    server/initTemplate/start.server.cfg
A    server/.classpath
A    server/init
A    server/resource_tools.build.xml
Checked out revision 645.
