A    server/.classpath
A    server/excel
A    server/excel/database.xls
A    server/log
A    server/init
A    server/.project
A    server/lib
A    server/lib/jxl.jar
A    server/lib/log4j-1.2.11.jar
A    server/lib/bsh-2.0b4.jar
A    server/lib/jaxen-1.1.1.jar
A    server/lib/zmyth.zip
A    server/lib/apache-mime4j-0.6.jar
A    server/lib/mysql-5.1.6.jar
A    server/lib/dom4j-1.6.1.jar
A    server/lib/httpclient-4.0.3.jar
A    server/lib/xlib.zip
A    server/lib/commons-codec-1.3.jar
A    server/lib/httpcore-4.0.1.jar
A    server/lib/zlib.zip
A    server/lib/httpmime-4.0.3.jar
A    server/lib/youkia.zip
A    server/lib/commons-logging-1.1.1.jar
A    server/deploy_tools.jar
A    server/resource
A    server/resource/serverconfig.xml
A    server/resource/serverport.xml
A    server/src
A    server/src/logServer
A    server/src/logServer/LogManager.java
A    server/src/logServer/CreatLogTableManager.java
A    server/src/logServer/LogAccessPort.java
A    server/init.bat
A    server/build.cfg
A    server/.settings
A    server/.settings/org.eclipse.core.resources.prefs
A    server/build.xml
A    server/initTemplate
A    server/initTemplate/start.server.cfg
A    server/initTemplate/stop.server.sh
A    server/initTemplate/htdocs
A    server/initTemplate/htdocs/crossdomain.xml
A    server/initTemplate/server.log.cfg
A    server/initTemplate/start.server.cmd
A    server/initTemplate/server.xml
A    server/initTemplate/db_update
A    server/initTemplate/db_init
A    server/initTemplate/db_init/db.sql
A    server/initTemplate/start.server.sh
Checked out revision 645.
